SearchableSpinner/build/intermediates/manifest_merge_blame_file/release/manifest-merger-blame-release-report.txt
1<?xml version="1.0" encoding="utf-8"?>
2<manifest xmlns:android="http://schemas.android.com/apk/res/android"
3    package="com.androidbuts.multispinnerfilter"
4    android:versionCode="2"
5    android:versionName="1.1" >
6
7    <uses-sdk
8        android:minSdkVersion="14"
8-->src\main\AndroidManifest.xml
9        android:targetSdkVersion="28" />
9-->src\main\AndroidManifest.xml
10
11    <application android:allowBackup="true" >
11-->src\main\AndroidManifest.xml:5:5-7:19
11-->src\main\AndroidManifest.xml:5:18-44
12    </application>
13
14</manifest>